\BOOKMARK [0][-]{chapter*.2}{\376\377\000C\000o\000n\000t\000e\000\372\000d\000o}{}% 1
\BOOKMARK [0][-]{chapter*.4}{\376\377\000L\000i\000s\000t\000a\000\040\000d\000e\000\040\000F\000i\000g\000u\000r\000a\000s}{}% 2
\BOOKMARK [0][-]{chapter*.5}{\376\377\000L\000i\000s\000t\000a\000\040\000d\000e\000\040\000T\000a\000b\000e\000l\000a\000s}{}% 3
\BOOKMARK [0][-]{chapter.1}{\376\377\000I\000n\000t\000r\000o\000d\000u\000\347\000\343\000o}{}% 4
\BOOKMARK [1][-]{section.1.1}{\376\377\000D\000e\000s\000c\000r\000i\000\347\000\343\000o\000\040\000d\000a\000\040\000p\000r\000o\000p\000o\000s\000t\000a}{chapter.1}% 5
\BOOKMARK [1][-]{section.1.2}{\376\377\000C\000o\000n\000s\000t\000i\000t\000u\000i\000\347\000\343\000o\000\040\000d\000o\000\040\000g\000r\000u\000p\000o}{chapter.1}% 6
\BOOKMARK [1][-]{section.1.3}{\376\377\000O\000r\000g\000a\000n\000i\000z\000a\000\347\000\343\000o\000\040\000d\000o\000\040\000D\000o\000c\000u\000m\000e\000n\000t\000o}{chapter.1}% 7
\BOOKMARK [0][-]{chapter.2}{\376\377\000E\000n\000g\000e\000n\000h\000a\000r\000i\000a\000\040\000d\000e\000\040\000S\000o\000f\000t\000w\000a\000r\000e}{}% 8
\BOOKMARK [1][-]{section.2.1}{\376\377\000I\000n\000t\000r\000o\000d\000u\000\347\000\343\000o}{chapter.2}% 9
\BOOKMARK [1][-]{section.2.2}{\376\377\000F\000e\000r\000r\000a\000m\000e\000n\000t\000a\000s\000\040\000e\000\040\000t\000e\000c\000n\000o\000l\000o\000g\000i\000a\000s\000\040\000u\000t\000i\000l\000i\000z\000a\000d\000a\000s}{chapter.2}% 10
\BOOKMARK [1][-]{section.2.3}{\376\377\000R\000e\000q\000u\000i\000s\000i\000t\000o\000s}{chapter.2}% 11
\BOOKMARK [2][-]{subsection.2.3.1}{\376\377\000R\000e\000q\000u\000i\000s\000i\000t\000o\000s\000\040\000f\000u\000n\000c\000i\000o\000n\000a\000i\000s}{section.2.3}% 12
\BOOKMARK [2][-]{subsection.2.3.2}{\376\377\000R\000e\000q\000u\000i\000s\000i\000t\000o\000s\000\040\000n\000\343\000o\000-\000f\000u\000n\000c\000i\000o\000n\000a\000i\000s}{section.2.3}% 13
\BOOKMARK [1][-]{section.2.4}{\376\377\000C\000a\000s\000o\000s\000\040\000d\000e\000\040\000U\000s\000o}{chapter.2}% 14
\BOOKMARK [1][-]{section.2.5}{\376\377\000M\000o\000d\000e\000l\000o\000\040\000r\000e\000l\000a\000c\000i\000o\000n\000a\000l\000\040\000d\000a\000\040\000B\000a\000s\000e\000\040\000d\000e\000\040\000D\000a\000d\000o\000s}{chapter.2}% 15
\BOOKMARK [1][-]{section.2.6}{\376\377\000A\000r\000q\000u\000i\000t\000e\000t\000u\000r\000a\000\040\000d\000o\000\040\000s\000i\000s\000t\000e\000m\000a}{chapter.2}% 16
\BOOKMARK [1][-]{section.2.7}{\376\377\000C\000o\000n\000c\000l\000u\000s\000\365\000e\000s}{chapter.2}% 17
\BOOKMARK [0][-]{chapter.3}{\376\377\000I\000m\000p\000l\000e\000m\000e\000n\000t\000a\000\347\000\343\000o}{}% 18
\BOOKMARK [1][-]{section.3.1}{\376\377\000I\000n\000t\000r\000o\000d\000u\000\347\000\343\000o}{chapter.3}% 19
\BOOKMARK [1][-]{section.3.2}{\376\377\000I\000n\000t\000e\000r\000f\000a\000c\000e\000\040\040\024\000\040\000T\000U\000I}{chapter.3}% 20
\BOOKMARK [1][-]{section.3.3}{\376\377\000E\000s\000c\000o\000l\000h\000a\000s\000\040\000d\000e\000\040\000I\000m\000p\000l\000e\000m\000e\000n\000t\000a\000\347\000\343\000o}{chapter.3}% 21
\BOOKMARK [1][-]{section.3.4}{\376\377\000D\000e\000t\000a\000l\000h\000e\000s\000\040\000d\000e\000\040\000I\000m\000p\000l\000e\000m\000e\000n\000t\000a\000\347\000\343\000o}{chapter.3}% 22
\BOOKMARK [2][-]{subsection.3.4.1}{\376\377\000N\000a\000v\000e\000g\000a\000\347\000\343\000o}{section.3.4}% 23
\BOOKMARK [2][-]{subsection.3.4.2}{\376\377\000E\000s\000t\000r\000u\000t\000u\000r\000a\000\347\000\343\000o\000\040\000d\000o\000s\000\040\000p\000a\000c\000k\000a\000g\000e\000s\000\040\000e\000\040\000c\000l\000a\000s\000s\000e\000s}{section.3.4}% 24
\BOOKMARK [2][-]{subsection.3.4.3}{\376\377\000C\000i\000f\000r\000a\000s\000\040\000e\000\040\000a\000l\000g\000o\000r\000i\000t\000m\000o\000s\000\040\000d\000e\000\040\000h\000a\000s\000h}{section.3.4}% 25
\BOOKMARK [2][-]{subsection.3.4.4}{\376\377\000W\000e\000b\000s\000e\000r\000v\000i\000c\000e}{section.3.4}% 26
\BOOKMARK [2][-]{subsection.3.4.5}{\376\377\000S\000e\000r\000v\000i\000\347\000o\000\040\000d\000e\000\040\000a\000u\000t\000e\000n\000t\000i\000c\000a\000\347\000\343\000o\000\040\000d\000e\000\040\000c\000l\000i\000e\000n\000t\000e\000s}{section.3.4}% 27
\BOOKMARK [1][-]{section.3.5}{\376\377\000M\000a\000n\000u\000a\000l\000\040\000d\000e\000\040\000I\000n\000s\000t\000a\000l\000a\000\347\000\343\000o}{chapter.3}% 28
\BOOKMARK [1][-]{section.3.6}{\376\377\000M\000a\000n\000u\000a\000l\000\040\000d\000e\000\040\000U\000t\000i\000l\000i\000z\000a\000\347\000\343\000o}{chapter.3}% 29
\BOOKMARK [1][-]{section.3.7}{\376\377\000C\000o\000n\000c\000l\000u\000s\000\365\000e\000s}{chapter.3}% 30
\BOOKMARK [0][-]{chapter.4}{\376\377\000R\000e\000f\000l\000e\000x\000\343\000o\000\040\000C\000r\000\355\000t\000i\000c\000a\000\040\000e\000\040\000P\000r\000o\000b\000l\000e\000m\000a\000s\000\040\000E\000n\000c\000o\000n\000t\000r\000a\000d\000o\000s}{}% 31
\BOOKMARK [1][-]{section.4.1}{\376\377\000I\000n\000t\000r\000o\000d\000u\000\347\000\343\000o}{chapter.4}% 32
\BOOKMARK [1][-]{section.4.2}{\376\377\000O\000b\000j\000e\000t\000i\000v\000o\000s\000\040\000P\000r\000o\000p\000o\000s\000t\000o\000s\000\040\000v\000s\000.\000\040\000A\000l\000c\000a\000n\000\347\000a\000d\000o\000s}{chapter.4}% 33
\BOOKMARK [1][-]{section.4.3}{\376\377\000D\000i\000v\000i\000s\000\343\000o\000\040\000d\000o\000\040\000T\000r\000a\000b\000a\000l\000h\000o\000\040\000p\000e\000l\000o\000s\000\040\000E\000l\000e\000m\000e\000n\000t\000o\000s\000\040\000d\000o\000\040\000G\000r\000u\000p\000o}{chapter.4}% 34
\BOOKMARK [1][-]{section.4.4}{\376\377\000P\000r\000o\000b\000l\000e\000m\000a\000s\000\040\000E\000n\000c\000o\000n\000t\000r\000a\000d\000o\000s}{chapter.4}% 35
\BOOKMARK [1][-]{section.4.5}{\376\377\000R\000e\000f\000l\000e\000x\000\343\000o\000\040\000C\000r\000\355\000t\000i\000c\000a}{chapter.4}% 36
\BOOKMARK [2][-]{subsection.4.5.1}{\376\377\000P\000o\000n\000t\000o\000s\000\040\000F\000o\000r\000t\000e\000s}{section.4.5}% 37
\BOOKMARK [2][-]{subsection.4.5.2}{\376\377\000P\000o\000n\000t\000o\000s\000\040\000F\000r\000a\000c\000o\000s}{section.4.5}% 38
\BOOKMARK [2][-]{subsection.4.5.3}{\376\377\000A\000m\000e\000a\000\347\000a\000s}{section.4.5}% 39
\BOOKMARK [2][-]{subsection.4.5.4}{\376\377\000O\000p\000o\000r\000t\000u\000n\000i\000d\000a\000d\000e\000s}{section.4.5}% 40
\BOOKMARK [1][-]{section.4.6}{\376\377\000C\000o\000n\000c\000l\000u\000s\000\365\000e\000s}{chapter.4}% 41
\BOOKMARK [0][-]{chapter.5}{\376\377\000C\000o\000n\000c\000l\000u\000s\000\365\000e\000s\000\040\000e\000\040\000T\000r\000a\000b\000a\000l\000h\000o\000\040\000F\000u\000t\000u\000r\000o}{}% 42
\BOOKMARK [1][-]{section.5.1}{\376\377\000C\000o\000n\000c\000l\000u\000s\000\365\000e\000s\000\040\000P\000r\000i\000n\000c\000i\000p\000a\000i\000s}{chapter.5}% 43
\BOOKMARK [1][-]{section.5.2}{\376\377\000T\000r\000a\000b\000a\000l\000h\000o\000\040\000F\000u\000t\000u\000r\000o}{chapter.5}% 44
\BOOKMARK [0][-]{appendix*.20}{\376\377\000B\000i\000b\000l\000i\000o\000g\000r\000a\000f\000i\000a}{}% 45
